2025-06-06 10:01:38  INFO [main] com.edu.uptc.AplicacionVagones.AplicacionVagonesApplication - Starting AplicacionVagonesApplication using Java 23.0.2 with PID 15844 (C:\Users\PC\OneDrive\Documentos\Programacion\Proyectos\ProyectoVagones\AplicacionVagones\target\classes started by PC in C:\Users\PC\OneDrive\Documentos\Programacion\Proyectos\ProyectoVagones\AplicacionVagones)
2025-06-06 10:01:38  INFO [main] com.edu.uptc.AplicacionVagones.AplicacionVagonesApplication - No active profile set, falling back to 1 default profile: "default"
2025-06-06 10:01:43  INFO [main] org.springframework.data.repository.config.RepositoryConfigurationDelegate - Bootstrapping Spring Data JPA repositories in DEFAULT mode.
2025-06-06 10:01:43  INFO [main] org.springframework.data.repository.config.RepositoryConfigurationDelegate - Finished Spring Data repository scanning in 256 ms. Found 3 JPA repository interfaces.
2025-06-06 10:01:46  INFO [main] org.springframework.boot.web.embedded.tomcat.TomcatWebServer - Tomcat initialized with port 8081 (http)
2025-06-06 10:01:47  INFO [main] org.apache.catalina.core.StandardService - Starting service [Tomcat]
2025-06-06 10:01:47  INFO [main] org.apache.catalina.core.StandardEngine - Starting Servlet engine: [Apache Tomcat/10.1.39]
2025-06-06 10:01:47  INFO [main] org.apache.catalina.core.ContainerBase.[Tomcat].[localhost].[/] - Initializing Spring embedded WebApplicationContext
2025-06-06 10:01:47  INFO [main] org.springframework.boot.web.servlet.context.ServletWebServerApplicationContext - Root WebApplicationContext: initialization completed in 8904 ms
2025-06-06 10:01:48  INFO [main] com.zaxxer.hikari.HikariDataSource - HikariPool-1 - Starting...
2025-06-06 10:01:50  INFO [main] com.zaxxer.hikari.pool.HikariPool - HikariPool-1 - Added connection com.mysql.cj.jdbc.ConnectionImpl@6ba6557e
2025-06-06 10:01:50  INFO [main] com.zaxxer.hikari.HikariDataSource - HikariPool-1 - Start completed.
2025-06-06 10:01:50  INFO [main] org.hibernate.jpa.internal.util.LogHelper - HHH000204: Processing PersistenceUnitInfo [name: default]
2025-06-06 10:01:51  INFO [main] org.hibernate.Version - HHH000412: Hibernate ORM core version 6.6.11.Final
2025-06-06 10:01:51  INFO [main] org.hibernate.cache.internal.RegionFactoryInitiator - HHH000026: Second-level cache disabled
2025-06-06 10:01:54  INFO [main] org.springframework.orm.jpa.persistenceunit.SpringPersistenceUnitInfo - No LoadTimeWeaver setup: ignoring JPA class transformer
2025-06-06 10:01:54  WARN [main] org.hibernate.orm.deprecation - HHH90000025: MySQLDialect does not need to be specified explicitly using 'hibernate.dialect' (remove the property setting and it will be selected by default)
2025-06-06 10:01:55  INFO [main] org.hibernate.orm.connections.pooling - HHH10001005: Database info:
	Database JDBC URL [Connecting through datasource 'HikariDataSource (HikariPool-1)']
	Database driver: undefined/unknown
	Database version: 8.0.41
	Autocommit mode: undefined/unknown
	Isolation level: undefined/unknown
	Minimum pool size: undefined/unknown
	Maximum pool size: undefined/unknown
2025-06-06 10:01:59  INFO [main] org.hibernate.engine.transaction.jta.platform.internal.JtaPlatformInitiator - HHH000489: No JTA platform available (set 'hibernate.transaction.jta.platform' to enable JTA platform integration)
2025-06-06 10:01:59  INFO [main] org.springframework.orm.jpa.LocalContainerEntityManagerFactoryBean - Initialized JPA EntityManagerFactory for persistence unit 'default'
2025-06-06 10:02:04  WARN [main] org.springframework.boot.autoconfigure.orm.jpa.JpaBaseConfiguration$JpaWebConfiguration - spring.jpa.open-in-view is enabled by default. Therefore, database queries may be performed during view rendering. Explicitly configure spring.jpa.open-in-view to disable this warning
2025-06-06 10:02:04  INFO [main] org.springframework.security.config.annotation.authentication.configuration.InitializeUserDetailsBeanManagerConfigurer$InitializeUserDetailsManagerConfigurer - Global AuthenticationManager configured with UserDetailsService bean with name usuarioService
2025-06-06 10:02:06  INFO [main] org.springframework.validation.beanvalidation.OptionalValidatorFactoryBean - Failed to set up a Bean Validation provider: jakarta.validation.NoProviderFoundException: Unable to create a Configuration, because no Jakarta Bean Validation provider could be found. Add a provider like Hibernate Validator (RI) to your classpath.
2025-06-06 10:02:10  INFO [main] org.springframework.boot.web.embedded.tomcat.TomcatWebServer - Tomcat started on port 8081 (http) with context path '/'
2025-06-06 10:02:10  INFO [main] com.edu.uptc.AplicacionVagones.AplicacionVagonesApplication - Started AplicacionVagonesApplication in 34.86 seconds (process running for 42.589)
2025-06-06 10:02:37  INFO [http-nio-8081-exec-5] org.apache.catalina.core.ContainerBase.[Tomcat].[localhost].[/] - Initializing Spring DispatcherServlet 'dispatcherServlet'
2025-06-06 10:02:37  INFO [http-nio-8081-exec-5] org.springframework.web.servlet.DispatcherServlet - Initializing Servlet 'dispatcherServlet'
2025-06-06 10:02:37  INFO [http-nio-8081-exec-5] org.springframework.web.servlet.DispatcherServlet - Completed initialization in 4 ms
2025-06-06 10:02:38  WARN [http-nio-8081-exec-5] org.apache.catalina.util.SessionIdGeneratorBase - Creation of SecureRandom instance for session ID generation using [SHA1PRNG] took [277] milliseconds.
2025-06-06 10:02:38  WARN [http-nio-8081-exec-1] org.apache.catalina.util.SessionIdGeneratorBase - Creation of SecureRandom instance for session ID generation using [SHA1PRNG] took [205] milliseconds.
2025-06-06 10:03:11  INFO [http-nio-8081-exec-3] com.edu.uptc.AplicacionVagones.Controller.VagonetaControl - El usuario Juan accedió al servicio /listar Vagonetas
2025-06-06 10:13:51  INFO [http-nio-8081-exec-10] com.edu.uptc.AplicacionVagones.Controller.VagonetaControl - El usuario Juan accedió al servicio /listar Vagonetas
2025-06-06 10:16:17  INFO [http-nio-8081-exec-1] com.edu.uptc.AplicacionVagones.Controller.VagonetaControl - El usuario Juan accedió al servicio /buscar vagoneta
2025-06-06 10:16:19  INFO [http-nio-8081-exec-5] com.edu.uptc.AplicacionVagones.Controller.VagonetaControl - El usuario Juan accedió al servicio /listar Materiales
2025-06-06 10:16:20  INFO [http-nio-8081-exec-2] com.edu.uptc.AplicacionVagones.Controller.VagonetaControl - El usuario Juan accedió al servicio /añadirMaterial
2025-06-06 10:16:23  INFO [http-nio-8081-exec-6] com.edu.uptc.AplicacionVagones.Controller.VagonetaControl - El usuario Juan accedió al servicio /listar Vagonetas
2025-06-06 10:18:29  INFO [http-nio-8081-exec-10] com.edu.uptc.AplicacionVagones.Controller.VagonetaControl - El usuario Juan accedió al servicio /listar Vagonetas
2025-06-06 10:19:02  INFO [http-nio-8081-exec-4] com.edu.uptc.AplicacionVagones.Controller.VagonetaControl - El usuario Juan accedió al servicio /Calcular peso
2025-06-06 10:19:07  INFO [http-nio-8081-exec-3] com.edu.uptc.AplicacionVagones.Controller.VagonetaControl - El usuario Juan accedió al servicio /Entrada Mina
2025-06-06 10:19:48  INFO [http-nio-8081-exec-5] com.edu.uptc.AplicacionVagones.Controller.VagonetaControl - El usuario Juan accedió al servicio /salida Mina
2025-06-06 10:21:08  INFO [http-nio-8081-exec-6] com.edu.uptc.AplicacionVagones.Controller.VagonetaControl - El usuario Juan accedió al servicio /vender materiales
2025-06-06 10:31:41  INFO [http-nio-8081-exec-9] com.edu.uptc.AplicacionVagones.Controller.VagonetaControl - El usuario Juan accedió al servicio /listar Vagonetas
2025-06-06 10:31:42  INFO [http-nio-8081-exec-10] com.edu.uptc.AplicacionVagones.Controller.VagonetaControl - El usuario Juan accedió al servicio /listar Vagonetas
2025-06-06 10:31:42  INFO [http-nio-8081-exec-4] com.edu.uptc.AplicacionVagones.Controller.VagonetaControl - El usuario Juan accedió al servicio /listar Vagonetas
2025-06-06 10:32:12  INFO [http-nio-8081-exec-1] com.edu.uptc.AplicacionVagones.Controller.VagonetaControl - El usuario Juan accedió al servicio /listar Vagonetas
2025-06-06 10:33:37  INFO [http-nio-8081-exec-8] com.edu.uptc.AplicacionVagones.Controller.VagonetaControl - El usuario Juan accedió al servicio /listar Vagonetas
2025-06-06 10:34:56  INFO [http-nio-8081-exec-10] com.edu.uptc.AplicacionVagones.Controller.VagonetaControl - El usuario Juan accedió al servicio /listar Vagonetas
2025-06-06 10:34:56  INFO [http-nio-8081-exec-4] com.edu.uptc.AplicacionVagones.Controller.VagonetaControl - El usuario Juan accedió al servicio /listar Vagonetas
2025-06-06 10:38:10  INFO [http-nio-8081-exec-8] com.edu.uptc.AplicacionVagones.Controller.VagonetaControl - El usuario Juan accedió al servicio /listar Vagonetas
2025-06-06 10:39:01  INFO [http-nio-8081-exec-4] com.edu.uptc.AplicacionVagones.Controller.VagonetaControl - El usuario Juan accedió al servicio /listar Vagonetas
2025-06-06 10:45:25  INFO [http-nio-8081-exec-6] com.edu.uptc.AplicacionVagones.Controller.VagonetaControl - El usuario Juan accedió al servicio /listar Materiales
2025-06-06 10:46:14  INFO [http-nio-8081-exec-4] com.edu.uptc.AplicacionVagones.Controller.VagonetaControl - El usuario Juan accedió al servicio /listar Materiales
